1701862325798:help
1701862373740:hello-world
1701862398051:help
1701865636566:histor<
1701865644396:hiytory
1701865648207:history
1701866279757:help
1701866287147:hello-world
1701866351925:help
1701866356914:hello
1701866863401:clear
1701866867117:help
1701866882038:ssh-connect localhost
1701866906327:ssh-connect iowf
1701867365988:help
1701867372231:nslookup
1701867386644:nslookup -s oij3
1701867397988:ssh-connect
1701867409649:ssh-connect -s localhost
1701867417254:clear
1701867422597:help
1701867463837:help hello
1701867479867:hello sosthene
1701867793313:help
1701867799924:connect-remote
1701867812927:connect-remote -s testsystem
1701868038025:nslookup -s lovalhost
1701868049624:nslookup -s localhost
1701868095543:nslookup localhost
1701868557244:help
1701868564133:ssh-login
1701868578681:ssh-login -u
